<?xml version="1.0" encoding="utf-8"?><testsuites name="pytest tests"><testsuite name="pytest" errors="0" failures="0" skipped="0" tests="10" time="4.179" timestamp="2026-01-24T16:50:25.974477+00:00" hostname="agent-env-0ad09dbf-fed0-4949-88c4-48bba829a1c7"><testcase classname="backend.tests.test_address_crud.TestAddressCRUD" name="test_01_login_success" time="1.171" /><testcase classname="backend.tests.test_address_crud.TestAddressCRUD" name="test_02_get_addresses_initial" time="0.277" /><testcase classname="backend.tests.test_address_crud.TestAddressCRUD" name="test_03_create_address" time="0.290" /><testcase classname="backend.tests.test_address_crud.TestAddressCRUD" name="test_04_read_address_after_create" time="0.337" /><testcase classname="backend.tests.test_address_crud.TestAddressCRUD" name="test_05_update_address" time="0.351" /><testcase classname="backend.tests.test_address_crud.TestAddressCRUD" name="test_06_set_default_address" time="0.345" /><testcase classname="backend.tests.test_address_crud.TestAddressCRUD" name="test_07_delete_address" time="0.326" /><testcase classname="backend.tests.test_address_crud.TestAddressCRUD" name="test_08_noida_validation" time="0.271" /><testcase classname="backend.tests.test_address_crud.TestAddressCRUD" name="test_09_full_crud_flow" time="0.406" /><testcase classname="backend.tests.test_address_crud.TestAddressCleanup" name="test_cleanup_test_addresses" time="0.269" /></testsuite></testsuites>