<?xml version="1.0" encoding="utf-8"?><testsuites name="pytest tests"><testsuite name="pytest" errors="0" failures="0" skipped="1" tests="15" time="6.425" timestamp="2026-07-08T12:00:59.207642+00:00" hostname="agent-env-f2a6bc52-2031-4ed4-9053-4ce2283abf90"><testcase classname="backend.tests.test_address_crud.TestAddressCRUD" name="test_01_login_success" time="0.694" /><testcase classname="backend.tests.test_address_crud.TestAddressCRUD" name="test_02_get_addresses_initial" time="0.429" /><testcase classname="backend.tests.test_address_crud.TestAddressCRUD" name="test_03_create_address" time="0.448" /><testcase classname="backend.tests.test_address_crud.TestAddressCRUD" name="test_04_read_address_after_create" time="0.456" /><testcase classname="backend.tests.test_address_crud.TestAddressCRUD" name="test_05_update_address" time="0.554" /><testcase classname="backend.tests.test_address_crud.TestAddressCRUD" name="test_06_set_default_address" time="0.580" /><testcase classname="backend.tests.test_address_crud.TestAddressCRUD" name="test_07_delete_address" time="0.474" /><testcase classname="backend.tests.test_address_crud.TestAddressCRUD" name="test_08_noida_validation" time="0.000"><skipped type="pytest.skip" message="NOIDA validation not implemented in backend">/app/backend/tests/test_address_crud.py:261: NOIDA validation not implemented in backend</skipped></testcase><testcase classname="backend.tests.test_address_crud.TestAddressCRUD" name="test_09_full_crud_flow" time="0.714" /><testcase classname="backend.tests.test_address_crud.TestAddressCleanup" name="test_cleanup_test_addresses" time="0.366" /><testcase classname="backend.tests.test_address_mobile_bugfix" name="test_get_addresses_returns_list_with_is_default_field" time="0.494" /><testcase classname="backend.tests.test_address_mobile_bugfix" name="test_set_default_exclusivity_lifecycle" time="0.270" /><testcase classname="backend.tests.test_address_mobile_bugfix" name="test_get_list_fallback_when_no_default" time="0.469" /><testcase classname="backend.tests.test_address_mobile_bugfix" name="test_delete_removes_from_subsequent_get" time="0.170" /><testcase classname="backend.tests.test_address_mobile_bugfix" name="test_first_address_is_auto_default" time="0.251" /></testsuite></testsuites>