<?xml version="1.0" encoding="utf-8"?><testsuites name="pytest tests"><testsuite name="pytest" errors="0" failures="0" skipped="0" tests="5" time="1.689" timestamp="2026-07-08T12:00:52.301250+00:00" hostname="agent-env-f2a6bc52-2031-4ed4-9053-4ce2283abf90"><testcase classname="backend.tests.test_address_mobile_bugfix" name="test_get_addresses_returns_list_with_is_default_field" time="0.613" /><testcase classname="backend.tests.test_address_mobile_bugfix" name="test_set_default_exclusivity_lifecycle" time="0.271" /><testcase classname="backend.tests.test_address_mobile_bugfix" name="test_get_list_fallback_when_no_default" time="0.442" /><testcase classname="backend.tests.test_address_mobile_bugfix" name="test_delete_removes_from_subsequent_get" time="0.140" /><testcase classname="backend.tests.test_address_mobile_bugfix" name="test_first_address_is_auto_default" time="0.177" /></testsuite></testsuites>