<?xml version="1.0" encoding="utf-8"?><testsuites name="pytest tests"><testsuite name="pytest" errors="0" failures="2" skipped="0" tests="17" time="2.504" timestamp="2026-07-07T08:49:15.100127+00:00" hostname="agent-env-f2a6bc52-2031-4ed4-9053-4ce2283abf90"><testcase classname="backend.tests.test_admin_auth_security.TestAdminLogin" name="test_login_success_returns_jwt" time="0.292" /><testcase classname="backend.tests.test_admin_auth_security.TestAdminLogin" name="test_login_wrong_password" time="0.047" /><testcase classname="backend.tests.test_admin_auth_security.TestAdminLogin" name="test_login_wrong_username" time="0.043" /><testcase classname="backend.tests.test_admin_auth_security.TestAdminLogin" name="test_login_missing_body" time="0.043" /><testcase classname="backend.tests.test_admin_auth_security.TestAdminRoutesProtected" name="test_dashboard_without_token" time="0.103" /><testcase classname="backend.tests.test_admin_auth_security.TestAdminRoutesProtected" name="test_dashboard_with_token" time="0.150" /><testcase classname="backend.tests.test_admin_auth_security.TestAdminRoutesProtected" name="test_dashboard_with_malformed_token" time="0.099" /><testcase classname="backend.tests.test_admin_auth_security.TestAdminRoutesProtected" name="test_dashboard_with_customer_role_token" time="0.098" /><testcase classname="backend.tests.test_admin_auth_security.TestAdminRoutesProtected" name="test_clear_database_without_token" time="0.099" /><testcase classname="backend.tests.test_admin_auth_security.TestAdminRoutesProtected" name="test_random_admin_route_without_token" time="0.614" /><testcase classname="backend.tests.test_admin_auth_security.TestProductWriteProtection" name="test_post_product_without_token" time="0.099" /><testcase classname="backend.tests.test_admin_auth_security.TestProductWriteProtection" name="test_put_product_without_token" time="0.127" /><testcase classname="backend.tests.test_admin_auth_security.TestProductWriteProtection" name="test_delete_product_without_token" time="0.165" /><testcase classname="backend.tests.test_admin_auth_security.TestPublicEndpointsOpen" name="test_get_products_open" time="0.127" /><testcase classname="backend.tests.test_admin_auth_security.TestPublicEndpointsOpen" name="test_get_categories_open" time="0.111" /><testcase classname="backend.tests.test_admin_auth_security.TestAdminCRUDWithToken" name="test_create_and_delete_category_authenticated" time="0.100"><failure message="AssertionError: create failed: 405 {&quot;detail&quot;:&quot;Method Not Allowed&quot;}&#10;assert 405 in (200, 201)&#10; +  where 405 = &lt;Response [405]&gt;.status_code">backend/tests/test_admin_auth_security.py:136: in test_create_and_delete_category_authenticated
    assert r.status_code in (200, 201), f"create failed: {r.status_code} {r.text}"
E   AssertionError: create failed: 405 {"detail":"Method Not Allowed"}
E   assert 405 in (200, 201)
E    +  where 405 = &lt;Response [405]&gt;.status_code</failure></testcase><testcase classname="backend.tests.test_admin_auth_security.TestAdminCRUDWithToken" name="test_update_product_price_authenticated" time="0.096"><failure message="AssertionError: create failed: 422 {&quot;detail&quot;:[{&quot;type&quot;:&quot;missing&quot;,&quot;loc&quot;:[&quot;body&quot;,&quot;image&quot;],&quot;msg&quot;:&quot;Field required&quot;,&quot;input&quot;:{&quot;name&quot;:&quot;TEST_AuthProd_SEC&quot;,&quot;price&quot;:12.5,&quot;unit&quot;:1,&quot;unit_type&quot;:&quot;kg&quot;,&quot;quantity_gm&quot;:1000},&quot;url&quot;:&quot;https://errors.pydantic.dev/2.12/v/missing&quot;},{&quot;type&quot;:&quot;missing&quot;,&quot;loc&quot;:[&quot;body&quot;,&quot;benefit&quot;],&quot;msg&quot;:&quot;Field required&quot;,&quot;input&quot;:{&quot;name&quot;:&quot;TEST_AuthProd_SEC&quot;,&quot;price&quot;:12.5,&quot;unit&quot;:1,&quot;unit_type&quot;:&quot;kg&quot;,&quot;quantity_gm&quot;:1000},&quot;url&quot;:&quot;https://errors.pydantic.dev/2.12/v/missing&quot;},{&quot;type&quot;:&quot;string_type&quot;,&quot;loc&quot;:[&quot;body&quot;,&quot;unit&quot;],&quot;msg&quot;:&quot;Input should be a valid string&quot;,&quot;input&quot;:1,&quot;url&quot;:&quot;https://errors.pydantic.dev/2.12/v/string_type&quot;}]}&#10;assert 422 in (200, 201)&#10; +  where 422 = &lt;Response [422]&gt;.status_code">backend/tests/test_admin_auth_security.py:149: in test_update_product_price_authenticated
    assert r.status_code in (200, 201), f"create failed: {r.status_code} {r.text}"
E   AssertionError: create failed: 422 {"detail":[{"type":"missing","loc":["body","image"],"msg":"Field required","input":{"name":"TEST_AuthProd_SEC","price":12.5,"unit":1,"unit_type":"kg","quantity_gm":1000},"url":"https://errors.pydantic.dev/2.12/v/missing"},{"type":"missing","loc":["body","benefit"],"msg":"Field required","input":{"name":"TEST_AuthProd_SEC","price":12.5,"unit":1,"unit_type":"kg","quantity_gm":1000},"url":"https://errors.pydantic.dev/2.12/v/missing"},{"type":"string_type","loc":["body","unit"],"msg":"Input should be a valid string","input":1,"url":"https://errors.pydantic.dev/2.12/v/string_type"}]}
E   assert 422 in (200, 201)
E    +  where 422 = &lt;Response [422]&gt;.status_code</failure></testcase></testsuite></testsuites>