<?xml version="1.0" encoding="utf-8"?><testsuites name="pytest tests"><testsuite name="pytest" errors="0" failures="0" skipped="0" tests="7" time="0.722" timestamp="2026-07-07T06:08:27.653616+00:00" hostname="agent-env-f2a6bc52-2031-4ed4-9053-4ce2283abf90"><testcase classname="backend.tests.test_bugfix_isolation.TestUsersIsolation" name="test_default_project_has_users" time="0.149" /><testcase classname="backend.tests.test_bugfix_isolation.TestUsersIsolation" name="test_new_project_has_no_users" time="0.088" /><testcase classname="backend.tests.test_bugfix_isolation.TestDashboardIsolation" name="test_default_dashboard_has_numbers" time="0.044" /><testcase classname="backend.tests.test_bugfix_isolation.TestDashboardIsolation" name="test_new_project_dashboard_all_zero" time="0.043" /><testcase classname="backend.tests.test_bugfix_isolation.TestCategoriesEndpoint" name="test_default_categories_listed" time="0.042" /><testcase classname="backend.tests.test_bugfix_isolation.TestCategoriesEndpoint" name="test_new_project_categories_empty" time="0.082" /><testcase classname="backend.tests.test_bugfix_isolation.TestCategoriesEndpoint" name="test_category_crud_in_temp_project" time="0.214" /></testsuite></testsuites>