<?xml version="1.0" encoding="utf-8"?><testsuites name="pytest tests"><testsuite name="pytest" errors="0" failures="1" skipped="0" tests="23" time="1.993" timestamp="2026-02-08T15:55:44.067939+00:00" hostname="agent-env-b93a02bd-653b-4c05-87ca-d4f7cb1556c8"><testcase classname="backend.tests.test_cost_calculator.TestCostCalculatorCategories" name="test_get_categories" time="0.087" /><testcase classname="backend.tests.test_cost_calculator.TestOneTimePurchases" name="test_get_one_time_purchases" time="0.044" /><testcase classname="backend.tests.test_cost_calculator.TestOneTimePurchases" name="test_create_one_time_purchase" time="0.155" /><testcase classname="backend.tests.test_cost_calculator.TestOneTimePurchases" name="test_update_one_time_purchase" time="0.117" /><testcase classname="backend.tests.test_cost_calculator.TestOneTimePurchases" name="test_delete_one_time_purchase" time="0.107" /><testcase classname="backend.tests.test_cost_calculator.TestOneTimePurchases" name="test_delete_nonexistent_returns_404" time="0.039" /><testcase classname="backend.tests.test_cost_calculator.TestFixedCosts" name="test_get_fixed_costs" time="0.076" /><testcase classname="backend.tests.test_cost_calculator.TestFixedCosts" name="test_create_fixed_cost" time="0.116" /><testcase classname="backend.tests.test_cost_calculator.TestFixedCosts" name="test_update_fixed_cost" time="0.157" /><testcase classname="backend.tests.test_cost_calculator.TestFixedCosts" name="test_delete_fixed_cost" time="0.109" /><testcase classname="backend.tests.test_cost_calculator.TestProductionCosts" name="test_get_production_costs" time="0.038" /><testcase classname="backend.tests.test_cost_calculator.TestProductionCosts" name="test_create_production_cost" time="0.075" /><testcase classname="backend.tests.test_cost_calculator.TestProductionCosts" name="test_update_production_cost" time="0.152" /><testcase classname="backend.tests.test_cost_calculator.TestProductionCosts" name="test_delete_production_cost" time="0.068" /><testcase classname="backend.tests.test_cost_calculator.TestProductConfigs" name="test_get_product_configs" time="0.037" /><testcase classname="backend.tests.test_cost_calculator.TestProductConfigs" name="test_create_product_config" time="0.036"><failure message="AttributeError: 'list' object has no attribute 'get'">backend/tests/test_cost_calculator.py:402: in test_create_product_config
    products = products_response.json().get("products", products_response.json())
               ^^^^^^^^^^^^^^^^^^^^^^^^^^^^
E   AttributeError: 'list' object has no attribute 'get'</failure></testcase><testcase classname="backend.tests.test_cost_calculator.TestProductConfigs" name="test_upsert_product_config" time="0.105" /><testcase classname="backend.tests.test_cost_calculator.TestProductConfigs" name="test_delete_product_config" time="0.079" /><testcase classname="backend.tests.test_cost_calculator.TestCostCalculation" name="test_calculate_costs_default" time="0.034" /><testcase classname="backend.tests.test_cost_calculator.TestCostCalculation" name="test_calculate_costs_with_production_trays" time="0.077" /><testcase classname="backend.tests.test_cost_calculator.TestCostCalculation" name="test_calculate_returns_product_costs_structure" time="0.032" /><testcase classname="backend.tests.test_cost_calculator.TestCostCalculation" name="test_summary_stats" time="0.034" /><testcase classname="backend.tests.test_cost_calculator.TestDepreciationCalculation" name="test_depreciation_formula" time="0.110" /></testsuite></testsuites>