<?xml version="1.0" encoding="utf-8"?><testsuites name="pytest tests"><testsuite name="pytest" errors="0" failures="0" skipped="0" tests="23" time="2.014" timestamp="2026-02-08T15:56:01.841455+00:00" hostname="agent-env-b93a02bd-653b-4c05-87ca-d4f7cb1556c8"><testcase classname="backend.tests.test_cost_calculator.TestCostCalculatorCategories" name="test_get_categories" time="0.040" /><testcase classname="backend.tests.test_cost_calculator.TestOneTimePurchases" name="test_get_one_time_purchases" time="0.078" /><testcase classname="backend.tests.test_cost_calculator.TestOneTimePurchases" name="test_create_one_time_purchase" time="0.136" /><testcase classname="backend.tests.test_cost_calculator.TestOneTimePurchases" name="test_update_one_time_purchase" time="0.112" /><testcase classname="backend.tests.test_cost_calculator.TestOneTimePurchases" name="test_delete_one_time_purchase" time="0.109" /><testcase classname="backend.tests.test_cost_calculator.TestOneTimePurchases" name="test_delete_nonexistent_returns_404" time="0.036" /><testcase classname="backend.tests.test_cost_calculator.TestFixedCosts" name="test_get_fixed_costs" time="0.037" /><testcase classname="backend.tests.test_cost_calculator.TestFixedCosts" name="test_create_fixed_cost" time="0.104" /><testcase classname="backend.tests.test_cost_calculator.TestFixedCosts" name="test_update_fixed_cost" time="0.109" /><testcase classname="backend.tests.test_cost_calculator.TestFixedCosts" name="test_delete_fixed_cost" time="0.146" /><testcase classname="backend.tests.test_cost_calculator.TestProductionCosts" name="test_get_production_costs" time="0.073" /><testcase classname="backend.tests.test_cost_calculator.TestProductionCosts" name="test_create_production_cost" time="0.071" /><testcase classname="backend.tests.test_cost_calculator.TestProductionCosts" name="test_update_production_cost" time="0.108" /><testcase classname="backend.tests.test_cost_calculator.TestProductionCosts" name="test_delete_production_cost" time="0.066" /><testcase classname="backend.tests.test_cost_calculator.TestProductConfigs" name="test_get_product_configs" time="0.034" /><testcase classname="backend.tests.test_cost_calculator.TestProductConfigs" name="test_create_product_config" time="0.104" /><testcase classname="backend.tests.test_cost_calculator.TestProductConfigs" name="test_upsert_product_config" time="0.153" /><testcase classname="backend.tests.test_cost_calculator.TestProductConfigs" name="test_delete_product_config" time="0.112" /><testcase classname="backend.tests.test_cost_calculator.TestCostCalculation" name="test_calculate_costs_default" time="0.041" /><testcase classname="backend.tests.test_cost_calculator.TestCostCalculation" name="test_calculate_costs_with_production_trays" time="0.115" /><testcase classname="backend.tests.test_cost_calculator.TestCostCalculation" name="test_calculate_returns_product_costs_structure" time="0.037" /><testcase classname="backend.tests.test_cost_calculator.TestCostCalculation" name="test_summary_stats" time="0.037" /><testcase classname="backend.tests.test_cost_calculator.TestDepreciationCalculation" name="test_depreciation_formula" time="0.103" /></testsuite></testsuites>