<?xml version="1.0" encoding="utf-8"?><testsuites name="pytest tests"><testsuite name="pytest" errors="0" failures="0" skipped="0" tests="12" time="0.897" timestamp="2026-02-07T03:43:35.058436+00:00" hostname="agent-env-b93a02bd-653b-4c05-87ca-d4f7cb1556c8"><testcase classname="tests.test_expenses.TestExpenseTypes" name="test_get_expense_types_returns_list" time="0.072" /><testcase classname="tests.test_expenses.TestExpenseCRUD" name="test_create_expense" time="0.037" /><testcase classname="tests.test_expenses.TestExpenseCRUD" name="test_get_all_expenses_returns_list_with_summary" time="0.039" /><testcase classname="tests.test_expenses.TestExpenseCRUD" name="test_create_and_get_expense" time="0.116" /><testcase classname="tests.test_expenses.TestExpenseCRUD" name="test_update_expense" time="0.148" /><testcase classname="tests.test_expenses.TestExpenseCRUD" name="test_delete_expense" time="0.115" /><testcase classname="tests.test_expenses.TestExpenseCRUD" name="test_get_nonexistent_expense_returns_404" time="0.036" /><testcase classname="tests.test_expenses.TestExpenseCRUD" name="test_delete_nonexistent_expense_returns_404" time="0.040" /><testcase classname="tests.test_expenses.TestExpenseFilters" name="test_filter_by_expense_type" time="0.037" /><testcase classname="tests.test_expenses.TestExpenseFilters" name="test_filter_by_paid_status" time="0.035" /><testcase classname="tests.test_expenses.TestExpenseSummary" name="test_monthly_summary" time="0.038" /><testcase classname="tests.test_expenses.TestCleanup" name="test_cleanup_test_expenses" time="0.120" /></testsuite></testsuites>