<?xml version="1.0" encoding="utf-8"?><testsuites name="pytest tests"><testsuite name="pytest" errors="0" failures="0" skipped="0" tests="15" time="1.002" timestamp="2026-02-07T08:47:03.235637+00:00" hostname="agent-env-b93a02bd-653b-4c05-87ca-d4f7cb1556c8"><testcase classname="backend.tests.test_location_analytics.TestLocationAnalytics" name="test_health_check" time="0.093" /><testcase classname="backend.tests.test_location_analytics.TestLocationAnalytics" name="test_location_funnel_endpoint_returns_200" time="0.043" /><testcase classname="backend.tests.test_location_analytics.TestLocationAnalytics" name="test_location_funnel_data_structure" time="0.041" /><testcase classname="backend.tests.test_location_analytics.TestLocationAnalytics" name="test_location_funnel_has_coordinates" time="0.046" /><testcase classname="backend.tests.test_location_analytics.TestLocationAnalytics" name="test_location_funnel_anonymous_tracking" time="0.046" /><testcase classname="backend.tests.test_location_analytics.TestLocationAnalytics" name="test_location_funnel_funnel_metrics" time="0.041" /><testcase classname="backend.tests.test_location_analytics.TestLocationAnalytics" name="test_location_funnel_period_parameter" time="0.122" /><testcase classname="backend.tests.test_location_analytics.TestLocationAnalytics" name="test_analytics_summary_endpoint" time="0.071" /><testcase classname="backend.tests.test_location_analytics.TestLocationAnalytics" name="test_analytics_locations_endpoint" time="0.038" /><testcase classname="backend.tests.test_location_analytics.TestLocationAnalytics" name="test_track_analytics_event" time="0.039" /><testcase classname="backend.tests.test_location_analytics.TestLocationAnalytics" name="test_realtime_analytics_endpoint" time="0.042" /><testcase classname="backend.tests.test_location_analytics.TestAnalyticsTrackingIntegration" name="test_track_anonymous_cart_add_from_location" time="0.035" /><testcase classname="backend.tests.test_location_analytics.TestAnalyticsTrackingIntegration" name="test_traffic_sources_endpoint" time="0.049" /><testcase classname="backend.tests.test_location_analytics.TestAnalyticsTrackingIntegration" name="test_utm_analytics_endpoint" time="0.048" /><testcase classname="backend.tests.test_location_analytics.TestAnalyticsTrackingIntegration" name="test_engagement_analytics_endpoint" time="0.089" /></testsuite></testsuites>