<?xml version="1.0" encoding="utf-8"?><testsuites name="pytest tests"><testsuite name="pytest" errors="0" failures="0" skipped="0" tests="8" time="2.623" timestamp="2026-07-08T14:00:44.113021+00:00" hostname="agent-env-f2a6bc52-2031-4ed4-9053-4ce2283abf90"><testcase classname="backend.tests.test_mrp_and_spin_combo.TestProductMRP" name="test_create_product_with_mrp_persists" time="0.296" /><testcase classname="backend.tests.test_mrp_and_spin_combo.TestProductMRP" name="test_list_products_returns_mrp" time="0.127" /><testcase classname="backend.tests.test_mrp_and_spin_combo.TestProductMRP" name="test_update_product_mrp" time="0.396" /><testcase classname="backend.tests.test_mrp_and_spin_combo.TestProductMRP" name="test_create_product_without_mrp_returns_null" time="0.096" /><testcase classname="backend.tests.test_mrp_and_spin_combo.TestProductMRP" name="test_products_endpoint_public_get_returns_mrp" time="0.220" /><testcase classname="backend.tests.test_mrp_and_spin_combo.TestSpinWheelCombo" name="test_save_and_get_spin_prizes_with_combo" time="0.584" /><testcase classname="backend.tests.test_mrp_and_spin_combo.TestSpinWheelCombo" name="test_save_empty_prizes_returns_defaults_on_get" time="0.205" /><testcase classname="backend.tests.test_mrp_and_spin_combo.TestSpinWheelCombo" name="test_admin_endpoints_require_auth" time="0.615" /></testsuite></testsuites>