<?xml version="1.0" encoding="utf-8"?><testsuites name="pytest tests"><testsuite name="pytest" errors="0" failures="0" skipped="0" tests="12" time="2.095" timestamp="2026-07-07T04:25:00.025752+00:00" hostname="agent-env-f2a6bc52-2031-4ed4-9053-4ce2283abf90"><testcase classname="backend.tests.test_multi_tenant_projects.TestProjectsCRUD" name="test_list_projects_includes_default" time="0.271" /><testcase classname="backend.tests.test_multi_tenant_projects.TestProjectsCRUD" name="test_cannot_delete_default_project" time="0.043" /><testcase classname="backend.tests.test_multi_tenant_projects.TestProjectsCRUD" name="test_create_and_update_project" time="0.178" /><testcase classname="backend.tests.test_multi_tenant_projects.TestDataIsolation" name="test_default_products_exist_without_header" time="0.111" /><testcase classname="backend.tests.test_multi_tenant_projects.TestDataIsolation" name="test_default_products_with_default_header" time="0.135" /><testcase classname="backend.tests.test_multi_tenant_projects.TestDataIsolation" name="test_new_project_products_empty" time="0.198" /><testcase classname="backend.tests.test_multi_tenant_projects.TestDataIsolation" name="test_new_project_categories_empty" time="0.142" /><testcase classname="backend.tests.test_multi_tenant_projects.TestDataIsolation" name="test_new_project_banners_empty" time="0.106" /><testcase classname="backend.tests.test_multi_tenant_projects.TestDataIsolation" name="test_new_project_coupons_empty" time="0.112" /><testcase classname="backend.tests.test_multi_tenant_projects.TestDataIsolation" name="test_new_project_orders_empty" time="0.097" /><testcase classname="backend.tests.test_multi_tenant_projects.TestCrossProjectIsolation" name="test_product_created_in_new_project_not_in_default" time="0.461" /><testcase classname="backend.tests.test_multi_tenant_projects.TestProjectDeleteCleansData" name="test_delete_project_removes_its_data" time="0.189" /></testsuite></testsuites>