<?xml version="1.0" encoding="utf-8"?><testsuites name="pytest tests"><testsuite name="pytest" errors="0" failures="0" skipped="0" tests="12" time="1.031" timestamp="2026-01-28T18:28:18.391919+00:00" hostname="agent-env-605fee21-240c-4911-9501-832dbec56ef5"><testcase classname="backend.tests.test_new_features.TestAdminOrderStatusUpdate" name="test_get_admin_orders" time="0.091" /><testcase classname="backend.tests.test_new_features.TestAdminOrderStatusUpdate" name="test_update_order_status_preparing" time="0.165" /><testcase classname="backend.tests.test_new_features.TestAdminOrderStatusUpdate" name="test_update_order_status_out_for_delivery" time="0.122" /><testcase classname="backend.tests.test_new_features.TestAdminOrderStatusUpdate" name="test_update_order_status_invalid" time="0.087" /><testcase classname="backend.tests.test_new_features.TestAdminOrderStatusUpdate" name="test_update_order_status_nonexistent_order" time="0.036" /><testcase classname="backend.tests.test_new_features.TestCouponValidation" name="test_coupon_validate_endpoint_exists" time="0.039" /><testcase classname="backend.tests.test_new_features.TestCouponValidation" name="test_coupon_validate_invalid_code" time="0.041" /><testcase classname="backend.tests.test_new_features.TestSettingsEndpoints" name="test_get_all_settings" time="0.044" /><testcase classname="backend.tests.test_new_features.TestSettingsEndpoints" name="test_delivery_fee_calculation" time="0.035" /><testcase classname="backend.tests.test_new_features.TestOrderDetailEndpoint" name="test_get_order_by_id" time="0.083" /><testcase classname="backend.tests.test_new_features.TestOrderDetailEndpoint" name="test_get_order_nonexistent" time="0.039" /><testcase classname="backend.tests.test_new_features.TestUserOrdersEndpoint" name="test_get_user_orders" time="0.041" /></testsuite></testsuites>