<?xml version="1.0" encoding="utf-8"?><testsuites name="pytest tests"><testsuite name="pytest" errors="0" failures="2" skipped="0" tests="12" time="0.912" timestamp="2026-01-28T18:23:41.951939+00:00" hostname="agent-env-605fee21-240c-4911-9501-832dbec56ef5"><testcase classname="backend.tests.test_new_features.TestAdminOrderStatusUpdate" name="test_get_admin_orders" time="0.102" /><testcase classname="backend.tests.test_new_features.TestAdminOrderStatusUpdate" name="test_update_order_status_preparing" time="0.141" /><testcase classname="backend.tests.test_new_features.TestAdminOrderStatusUpdate" name="test_update_order_status_out_for_delivery" time="0.118" /><testcase classname="backend.tests.test_new_features.TestAdminOrderStatusUpdate" name="test_update_order_status_invalid" time="0.087" /><testcase classname="backend.tests.test_new_features.TestAdminOrderStatusUpdate" name="test_update_order_status_nonexistent_order" time="0.041" /><testcase classname="backend.tests.test_new_features.TestCouponValidation" name="test_coupon_validate_endpoint_exists" time="0.046"><failure message="assert 405 in [200, 404, 400]&#10; +  where 405 = &lt;Response [405]&gt;.status_code">backend/tests/test_new_features.py:122: in test_coupon_validate_endpoint_exists
    assert response.status_code in [200, 404, 400]
E   assert 405 in [200, 404, 400]
E    +  where 405 = &lt;Response [405]&gt;.status_code</failure></testcase><testcase classname="backend.tests.test_new_features.TestCouponValidation" name="test_coupon_validate_invalid_code" time="0.040"><failure message="assert 405 in [404, 400]&#10; +  where 405 = &lt;Response [405]&gt;.status_code">backend/tests/test_new_features.py:132: in test_coupon_validate_invalid_code
    assert response.status_code in [404, 400]
E   assert 405 in [404, 400]
E    +  where 405 = &lt;Response [405]&gt;.status_code</failure></testcase><testcase classname="backend.tests.test_new_features.TestSettingsEndpoints" name="test_get_all_settings" time="0.039" /><testcase classname="backend.tests.test_new_features.TestSettingsEndpoints" name="test_delivery_fee_calculation" time="0.055" /><testcase classname="backend.tests.test_new_features.TestOrderDetailEndpoint" name="test_get_order_by_id" time="0.078" /><testcase classname="backend.tests.test_new_features.TestOrderDetailEndpoint" name="test_get_order_nonexistent" time="0.035" /><testcase classname="backend.tests.test_new_features.TestUserOrdersEndpoint" name="test_get_user_orders" time="0.043" /></testsuite></testsuites>