<?xml version="1.0" encoding="utf-8"?><testsuites name="pytest tests"><testsuite name="pytest" errors="0" failures="0" skipped="0" tests="18" time="1.456" timestamp="2026-01-28T06:18:54.282111+00:00" hostname="agent-env-605fee21-240c-4911-9501-832dbec56ef5"><testcase classname="backend.tests.test_orders_flow.TestHealthCheck" name="test_health_endpoint" time="0.066" /><testcase classname="backend.tests.test_orders_flow.TestProductsAPI" name="test_get_products" time="0.044" /><testcase classname="backend.tests.test_orders_flow.TestUserAuthentication" name="test_user_login" time="0.279" /><testcase classname="backend.tests.test_orders_flow.TestUserAuthentication" name="test_user_login_invalid_credentials" time="0.260" /><testcase classname="backend.tests.test_orders_flow.TestUserAddresses" name="test_get_user_addresses" time="0.080" /><testcase classname="backend.tests.test_orders_flow.TestOrderCreation" name="test_create_order_success" time="0.116" /><testcase classname="backend.tests.test_orders_flow.TestOrderCreation" name="test_create_order_invalid_user" time="0.046" /><testcase classname="backend.tests.test_orders_flow.TestOrderCreation" name="test_create_order_invalid_address" time="0.037" /><testcase classname="backend.tests.test_orders_flow.TestUserOrders" name="test_get_user_orders" time="0.039" /><testcase classname="backend.tests.test_orders_flow.TestUserOrders" name="test_get_specific_order" time="0.034" /><testcase classname="backend.tests.test_orders_flow.TestUserOrders" name="test_get_nonexistent_order" time="0.038" /><testcase classname="backend.tests.test_orders_flow.TestAdminOrders" name="test_get_all_orders_admin" time="0.042" /><testcase classname="backend.tests.test_orders_flow.TestAdminOrders" name="test_update_order_status" time="0.113" /><testcase classname="backend.tests.test_orders_flow.TestAdminOrders" name="test_update_order_invalid_status" time="0.033" /><testcase classname="backend.tests.test_orders_flow.TestAdminPayments" name="test_get_all_payments_admin" time="0.041" /><testcase classname="backend.tests.test_orders_flow.TestAdminLogin" name="test_admin_login_success" time="0.033" /><testcase classname="backend.tests.test_orders_flow.TestAdminLogin" name="test_admin_login_invalid" time="0.037" /><testcase classname="backend.tests.test_orders_flow.TestDeliveryFeeCalculation" name="test_calculate_delivery_fee" time="0.037" /></testsuite></testsuites>