<?xml version="1.0" encoding="utf-8"?><testsuites name="pytest tests"><testsuite name="pytest" errors="0" failures="1" skipped="0" tests="18" time="1.445" timestamp="2026-01-28T06:18:32.872180+00:00" hostname="agent-env-605fee21-240c-4911-9501-832dbec56ef5"><testcase classname="backend.tests.test_orders_flow.TestHealthCheck" name="test_health_endpoint" time="0.073" /><testcase classname="backend.tests.test_orders_flow.TestProductsAPI" name="test_get_products" time="0.041" /><testcase classname="backend.tests.test_orders_flow.TestUserAuthentication" name="test_user_login" time="0.281" /><testcase classname="backend.tests.test_orders_flow.TestUserAuthentication" name="test_user_login_invalid_credentials" time="0.264" /><testcase classname="backend.tests.test_orders_flow.TestUserAddresses" name="test_get_user_addresses" time="0.035"><failure message="assert 404 == 200&#10; +  where 404 = &lt;Response [404]&gt;.status_code">backend/tests/test_orders_flow.py:88: in test_get_user_addresses
    assert response.status_code == 200
E   assert 404 == 200
E    +  where 404 = &lt;Response [404]&gt;.status_code</failure></testcase><testcase classname="backend.tests.test_orders_flow.TestOrderCreation" name="test_create_order_success" time="0.080" /><testcase classname="backend.tests.test_orders_flow.TestOrderCreation" name="test_create_order_invalid_user" time="0.037" /><testcase classname="backend.tests.test_orders_flow.TestOrderCreation" name="test_create_order_invalid_address" time="0.040" /><testcase classname="backend.tests.test_orders_flow.TestUserOrders" name="test_get_user_orders" time="0.038" /><testcase classname="backend.tests.test_orders_flow.TestUserOrders" name="test_get_specific_order" time="0.042" /><testcase classname="backend.tests.test_orders_flow.TestUserOrders" name="test_get_nonexistent_order" time="0.039" /><testcase classname="backend.tests.test_orders_flow.TestAdminOrders" name="test_get_all_orders_admin" time="0.057" /><testcase classname="backend.tests.test_orders_flow.TestAdminOrders" name="test_update_order_status" time="0.120" /><testcase classname="backend.tests.test_orders_flow.TestAdminOrders" name="test_update_order_invalid_status" time="0.035" /><testcase classname="backend.tests.test_orders_flow.TestAdminPayments" name="test_get_all_payments_admin" time="0.035" /><testcase classname="backend.tests.test_orders_flow.TestAdminLogin" name="test_admin_login_success" time="0.036" /><testcase classname="backend.tests.test_orders_flow.TestAdminLogin" name="test_admin_login_invalid" time="0.044" /><testcase classname="backend.tests.test_orders_flow.TestDeliveryFeeCalculation" name="test_calculate_delivery_fee" time="0.047" /></testsuite></testsuites>