<?xml version="1.0" encoding="utf-8"?><testsuites name="pytest tests"><testsuite name="pytest" errors="0" failures="0" skipped="0" tests="14" time="5.232" timestamp="2026-01-26T03:35:51.305799+00:00" hostname="agent-env-cdf045c3-a4bb-49c6-be3b-3156a153ee9f"><testcase classname="backend.tests.test_password_auth.TestUserSignup" name="test_signup_success" time="0.350" /><testcase classname="backend.tests.test_password_auth.TestUserSignup" name="test_signup_duplicate_phone" time="0.042" /><testcase classname="backend.tests.test_password_auth.TestUserLogin" name="test_login_success" time="0.264" /><testcase classname="backend.tests.test_password_auth.TestUserLogin" name="test_login_wrong_password" time="0.268" /><testcase classname="backend.tests.test_password_auth.TestUserLogin" name="test_login_nonexistent_user" time="0.080" /><testcase classname="backend.tests.test_password_auth.TestChangePassword" name="test_change_password_success" time="1.268" /><testcase classname="backend.tests.test_password_auth.TestChangePassword" name="test_change_password_wrong_current" time="0.520" /><testcase classname="backend.tests.test_password_auth.TestChangePassword" name="test_change_password_short_new" time="0.532" /><testcase classname="backend.tests.test_password_auth.TestAdminResetPassword" name="test_admin_reset_password_success" time="1.046" /><testcase classname="backend.tests.test_password_auth.TestAdminResetPassword" name="test_admin_reset_password_short" time="0.299" /><testcase classname="backend.tests.test_password_auth.TestAdminResetPassword" name="test_admin_reset_nonexistent_user" time="0.040" /><testcase classname="backend.tests.test_password_auth.TestAdminLogin" name="test_admin_login_success" time="0.037" /><testcase classname="backend.tests.test_password_auth.TestAdminLogin" name="test_admin_login_wrong_credentials" time="0.037" /><testcase classname="backend.tests.test_password_auth.TestCleanup" name="test_cleanup_test_user" time="0.381" /></testsuite></testsuites>