<?xml version="1.0" encoding="utf-8"?><testsuites name="pytest tests"><testsuite name="pytest" errors="0" failures="0" skipped="1" tests="10" time="1.008" timestamp="2026-07-07T09:15:12.581177+00:00" hostname="agent-env-f2a6bc52-2031-4ed4-9053-4ce2283abf90"><testcase classname="backend.tests.test_order_cancel_return_refund_invoice.TestAdminReturnsAuth" name="test_returns_requires_admin_token" time="0.270" /><testcase classname="backend.tests.test_order_cancel_return_refund_invoice.TestAdminReturnsAuth" name="test_returns_with_token_ok" time="0.095" /><testcase classname="backend.tests.test_order_cancel_return_refund_invoice.TestInvoicePublic" name="test_invoice_returns_html" time="0.136" /><testcase classname="backend.tests.test_order_cancel_return_refund_invoice.TestInvoicePublic" name="test_invoice_no_token_needed" time="0.106" /><testcase classname="backend.tests.test_order_cancel_return_refund_invoice.TestCancelOrder" name="test_cancel_non_cancellable_returns_400" time="0.046" /><testcase classname="backend.tests.test_order_cancel_return_refund_invoice.TestCancelOrder" name="test_cancel_cancellable_sets_status" time="0.113" /><testcase classname="backend.tests.test_order_cancel_return_refund_invoice.TestReturnOrder" name="test_return_non_delivered_400" time="0.087" /><testcase classname="backend.tests.test_order_cancel_return_refund_invoice.TestReturnOrder" name="test_return_delivered_ok" time="0.000"><skipped type="pytest.skip" message="No delivered order without existing return">/app/backend/tests/test_order_cancel_return_refund_invoice.py:139: No delivered order without existing return</skipped></testcase><testcase classname="backend.tests.test_order_cancel_return_refund_invoice.TestAdminRefund" name="test_refund_requires_admin_token" time="0.048" /><testcase classname="backend.tests.test_order_cancel_return_refund_invoice.TestAdminRefund" name="test_refund_with_token" time="0.050" /></testsuite></testsuites>