<?xml version="1.0" encoding="utf-8"?><testsuites name="pytest tests"><testsuite name="pytest" errors="0" failures="1" skipped="0" tests="8" time="1.454" timestamp="2026-07-07T08:27:04.087847+00:00" hostname="agent-env-f2a6bc52-2031-4ed4-9053-4ce2283abf90"><testcase classname="backend.tests.test_product_category_crud.TestAdminAuth" name="test_admin_login_ok" time="0.215" /><testcase classname="backend.tests.test_product_category_crud.TestAdminAuth" name="test_admin_login_bad" time="0.043" /><testcase classname="backend.tests.test_product_category_crud.TestProductCategoryRead" name="test_products_include_category_name" time="0.163" /><testcase classname="backend.tests.test_product_category_crud.TestProductCreateWithCategory" name="test_create_product_with_category" time="0.096" /><testcase classname="backend.tests.test_product_category_crud.TestProductCreateWithCategory" name="test_create_product_uncategorized" time="0.096" /><testcase classname="backend.tests.test_product_category_crud.TestProductCategoryUpdate" name="test_update_product_category_change" time="0.144" /><testcase classname="backend.tests.test_product_category_crud.TestProductCategoryUpdate" name="test_update_product_to_uncategorized" time="0.140"><failure message="AssertionError: assert not '034c8aea-38f6-49d0-b21e-3aee1f8b1365'&#10; +  where '034c8aea-38f6-49d0-b21e-3aee1f8b1365' = &lt;built-in method get of dict object at 0xfb2121542100&gt;('category_id')&#10; +    where &lt;built-in method get of dict object at 0xfb2121542100&gt; = {'active': True, 'availability_date': None, 'benefit': 'to uncategorized', 'category_id': '034c8aea-38f6-49d0-b21e-3aee1f8b1365', ...}.get">E   AssertionError: assert not '034c8aea-38f6-49d0-b21e-3aee1f8b1365'
     +  where '034c8aea-38f6-49d0-b21e-3aee1f8b1365' = &lt;built-in method get of dict object at 0xfb2121542100&gt;('category_id')
     +    where &lt;built-in method get of dict object at 0xfb2121542100&gt; = {'active': True, 'availability_date': None, 'benefit': 'to uncategorized', 'category_id': '034c8aea-38f6-49d0-b21e-3aee1f8b1365', ...}.get</failure></testcase><testcase classname="backend.tests.test_product_category_crud.TestCategoryScoping" name="test_categories_scoped_by_project" time="0.510" /></testsuite></testsuites>