<?xml version="1.0" encoding="utf-8"?><testsuites name="pytest tests"><testsuite name="pytest" errors="0" failures="0" skipped="0" tests="8" time="1.450" timestamp="2026-07-07T08:30:43.081579+00:00" hostname="agent-env-f2a6bc52-2031-4ed4-9053-4ce2283abf90"><testcase classname="backend.tests.test_product_category_crud.TestAdminAuth" name="test_admin_login_ok" time="0.212" /><testcase classname="backend.tests.test_product_category_crud.TestAdminAuth" name="test_admin_login_bad" time="0.044" /><testcase classname="backend.tests.test_product_category_crud.TestProductCategoryRead" name="test_products_include_category_name" time="0.158" /><testcase classname="backend.tests.test_product_category_crud.TestProductCreateWithCategory" name="test_create_product_with_category" time="0.098" /><testcase classname="backend.tests.test_product_category_crud.TestProductCreateWithCategory" name="test_create_product_uncategorized" time="0.104" /><testcase classname="backend.tests.test_product_category_crud.TestProductCategoryUpdate" name="test_update_product_category_change" time="0.145" /><testcase classname="backend.tests.test_product_category_crud.TestProductCategoryUpdate" name="test_update_product_to_uncategorized" time="0.147" /><testcase classname="backend.tests.test_product_category_crud.TestCategoryScoping" name="test_categories_scoped_by_project" time="0.493" /></testsuite></testsuites>