<?xml version="1.0" encoding="utf-8"?><testsuites name="pytest tests"><testsuite name="pytest" errors="0" failures="15" skipped="0" tests="187" time="151.296" timestamp="2026-06-29T03:40:35.245078+00:00" hostname="agent-env-a6def395-d679-4f5e-ba4c-3a916d463268"><testcase classname="tests.test_address_crud.TestAddressCRUD" name="test_01_login_success" time="0.618" /><testcase classname="tests.test_address_crud.TestAddressCRUD" name="test_02_get_addresses_initial" time="0.369" /><testcase classname="tests.test_address_crud.TestAddressCRUD" name="test_03_create_address" time="0.441" /><testcase classname="tests.test_address_crud.TestAddressCRUD" name="test_04_read_address_after_create" time="0.456" /><testcase classname="tests.test_address_crud.TestAddressCRUD" name="test_05_update_address" time="0.548" /><testcase classname="tests.test_address_crud.TestAddressCRUD" name="test_06_set_default_address" time="0.532" /><testcase classname="tests.test_address_crud.TestAddressCRUD" name="test_07_delete_address" time="0.509" /><testcase classname="tests.test_address_crud.TestAddressCRUD" name="test_08_noida_validation" time="0.366"><failure message="AssertionError: Expected 400 for non-NOIDA address, got 200&#10;assert 200 == 400&#10; +  where 200 = &lt;Response [200]&gt;.status_code">tests/test_address_crud.py:269: in test_08_noida_validation
    assert response.status_code == 400, f"Expected 400 for non-NOIDA address, got {response.status_code}"
E   AssertionError: Expected 400 for non-NOIDA address, got 200
E   assert 200 == 400
E    +  where 200 = &lt;Response [200]&gt;.status_code</failure></testcase><testcase classname="tests.test_address_crud.TestAddressCRUD" name="test_09_full_crud_flow" time="0.730" /><testcase classname="tests.test_address_crud.TestAddressCleanup" name="test_cleanup_test_addresses" time="0.429" /><testcase classname="tests.test_cost_calculator.TestCostCalculatorCategories" name="test_get_categories" time="0.120" /><testcase classname="tests.test_cost_calculator.TestOneTimePurchases" name="test_get_one_time_purchases" time="0.098" /><testcase classname="tests.test_cost_calculator.TestOneTimePurchases" name="test_create_one_time_purchase" time="0.334" /><testcase classname="tests.test_cost_calculator.TestOneTimePurchases" name="test_update_one_time_purchase" time="0.319" /><testcase classname="tests.test_cost_calculator.TestOneTimePurchases" name="test_delete_one_time_purchase" time="0.330" /><testcase classname="tests.test_cost_calculator.TestOneTimePurchases" name="test_delete_nonexistent_returns_404" time="0.102" /><testcase classname="tests.test_cost_calculator.TestFixedCosts" name="test_get_fixed_costs" time="0.098" /><testcase classname="tests.test_cost_calculator.TestFixedCosts" name="test_create_fixed_cost" time="1.385" /><testcase classname="tests.test_cost_calculator.TestFixedCosts" name="test_update_fixed_cost" time="0.296" /><testcase classname="tests.test_cost_calculator.TestFixedCosts" name="test_delete_fixed_cost" time="0.317" /><testcase classname="tests.test_cost_calculator.TestProductionCosts" name="test_get_production_costs" time="0.104" /><testcase classname="tests.test_cost_calculator.TestProductionCosts" name="test_create_production_cost" time="0.199" /><testcase classname="tests.test_cost_calculator.TestProductionCosts" name="test_update_production_cost" time="0.302" /><testcase classname="tests.test_cost_calculator.TestProductionCosts" name="test_delete_production_cost" time="0.195" /><testcase classname="tests.test_cost_calculator.TestProductConfigs" name="test_get_product_configs" time="0.099" /><testcase classname="tests.test_cost_calculator.TestProductConfigs" name="test_create_product_config" time="0.302" /><testcase classname="tests.test_cost_calculator.TestProductConfigs" name="test_upsert_product_config" time="0.307" /><testcase classname="tests.test_cost_calculator.TestProductConfigs" name="test_delete_product_config" time="0.242" /><testcase classname="tests.test_cost_calculator.TestCostCalculation" name="test_calculate_costs_default" time="0.104" /><testcase classname="tests.test_cost_calculator.TestCostCalculation" name="test_calculate_costs_with_production_trays" time="0.201" /><testcase classname="tests.test_cost_calculator.TestCostCalculation" name="test_calculate_returns_product_costs_structure" time="0.104"><failure message="AssertionError: assert 'overhead_allocation' in {'depreciation_allocation': 2.92, 'fixed_cost_allocation': 70.0, 'labor_cost': 40.0, 'other_variable': 2.75, ...}">tests/test_cost_calculator.py:555: in test_calculate_returns_product_costs_structure
    assert "overhead_allocation" in breakdown
E   AssertionError: assert 'overhead_allocation' in {'depreciation_allocation': 2.92, 'fixed_cost_allocation': 70.0, 'labor_cost': 40.0, 'other_variable': 2.75, ...}</failure></testcase><testcase classname="tests.test_cost_calculator.TestCostCalculation" name="test_summary_stats" time="0.108" /><testcase classname="tests.test_cost_calculator.TestDepreciationCalculation" name="test_depreciation_formula" time="0.377" /><testcase classname="tests.test_expenses.TestExpenseTypes" name="test_get_expense_types_returns_list" time="0.098" /><testcase classname="tests.test_expenses.TestExpenseCRUD" name="test_create_expense" time="0.114" /><testcase classname="tests.test_expenses.TestExpenseCRUD" name="test_get_all_expenses_returns_list_with_summary" time="0.112" /><testcase classname="tests.test_expenses.TestExpenseCRUD" name="test_create_and_get_expense" time="0.322" /><testcase classname="tests.test_expenses.TestExpenseCRUD" name="test_update_expense" time="0.420" /><testcase classname="tests.test_expenses.TestExpenseCRUD" name="test_delete_expense" time="0.314" /><testcase classname="tests.test_expenses.TestExpenseCRUD" name="test_get_nonexistent_expense_returns_404" time="0.147" /><testcase classname="tests.test_expenses.TestExpenseCRUD" name="test_delete_nonexistent_expense_returns_404" time="0.098" /><testcase classname="tests.test_expenses.TestExpenseFilters" name="test_filter_by_expense_type" time="0.105" /><testcase classname="tests.test_expenses.TestExpenseFilters" name="test_filter_by_paid_status" time="0.121" /><testcase classname="tests.test_expenses.TestExpenseSummary" name="test_monthly_summary" time="0.113" /><testcase classname="tests.test_expenses.TestCleanup" name="test_cleanup_test_expenses" time="0.219" /><testcase classname="tests.test_khurpi_api.TestHealthAndProducts" name="test_products_endpoint" time="0.107" /><testcase classname="tests.test_khurpi_api.TestHealthAndProducts" name="test_products_with_active_filter" time="0.120" /><testcase classname="tests.test_khurpi_api.TestAuthentication" name="test_signup_new_user" time="0.340" /><testcase classname="tests.test_khurpi_api.TestAuthentication" name="test_signup_duplicate_phone" time="0.465" /><testcase classname="tests.test_khurpi_api.TestAuthentication" name="test_login_valid_credentials" time="0.660" /><testcase classname="tests.test_khurpi_api.TestAuthentication" name="test_login_invalid_credentials" time="0.094" /><testcase classname="tests.test_khurpi_api.TestAuthentication" name="test_admin_login_valid" time="0.110"><failure message="assert 401 == 200&#10; +  where 401 = &lt;Response [401]&gt;.status_code">tests/test_khurpi_api.py:114: in test_admin_login_valid
    assert response.status_code == 200
E   assert 401 == 200
E    +  where 401 = &lt;Response [401]&gt;.status_code</failure></testcase><testcase classname="tests.test_khurpi_api.TestAuthentication" name="test_admin_login_invalid" time="0.140" /><testcase classname="tests.test_khurpi_api.TestMultipleAddresses" name="test_add_first_address" time="0.421" /><testcase classname="tests.test_khurpi_api.TestMultipleAddresses" name="test_add_second_address" time="0.529" /><testcase classname="tests.test_khurpi_api.TestMultipleAddresses" name="test_get_user_addresses" time="0.633" /><testcase classname="tests.test_khurpi_api.TestMultipleAddresses" name="test_update_address" time="0.558" /><testcase classname="tests.test_khurpi_api.TestMultipleAddresses" name="test_set_default_address" time="0.777" /><testcase classname="tests.test_khurpi_api.TestMultipleAddresses" name="test_delete_address" time="0.644" /><testcase classname="tests.test_khurpi_api.TestMultipleAddresses" name="test_address_noida_validation" time="0.424"><failure message="assert 200 == 400&#10; +  where 200 = &lt;Response [200]&gt;.status_code">tests/test_khurpi_api.py:286: in test_address_noida_validation
    assert response.status_code == 400
E   assert 200 == 400
E    +  where 200 = &lt;Response [200]&gt;.status_code</failure></testcase><testcase classname="tests.test_khurpi_api.TestAdminEndpoints" name="test_admin_dashboard" time="0.099" /><testcase classname="tests.test_khurpi_api.TestAdminEndpoints" name="test_admin_users_list" time="0.128" /><testcase classname="tests.test_khurpi_api.TestAdminEndpoints" name="test_admin_subscriptions_list" time="0.201" /><testcase classname="tests.test_khurpi_api.TestAdminEndpoints" name="test_admin_inventory" time="0.145" /><testcase classname="tests.test_khurpi_api.TestSubscriptions" name="test_get_subscriptions" time="0.157" /><testcase classname="tests.test_khurpi_api.TestSubscriptions" name="test_get_deliveries" time="0.100" /><testcase classname="tests.test_khurpi_api.TestSubscriptions" name="test_get_payments" time="0.146" /><testcase classname="tests.test_location_analytics.TestLocationAnalytics" name="test_health_check" time="0.099" /><testcase classname="tests.test_location_analytics.TestLocationAnalytics" name="test_location_funnel_endpoint_returns_200" time="0.129" /><testcase classname="tests.test_location_analytics.TestLocationAnalytics" name="test_location_funnel_data_structure" time="0.112" /><testcase classname="tests.test_location_analytics.TestLocationAnalytics" name="test_location_funnel_has_coordinates" time="0.103" /><testcase classname="tests.test_location_analytics.TestLocationAnalytics" name="test_location_funnel_anonymous_tracking" time="0.110" /><testcase classname="tests.test_location_analytics.TestLocationAnalytics" name="test_location_funnel_funnel_metrics" time="0.102" /><testcase classname="tests.test_location_analytics.TestLocationAnalytics" name="test_location_funnel_period_parameter" time="0.334" /><testcase classname="tests.test_location_analytics.TestLocationAnalytics" name="test_analytics_summary_endpoint" time="0.120" /><testcase classname="tests.test_location_analytics.TestLocationAnalytics" name="test_analytics_locations_endpoint" time="0.109" /><testcase classname="tests.test_location_analytics.TestLocationAnalytics" name="test_track_analytics_event" time="0.306" /><testcase classname="tests.test_location_analytics.TestLocationAnalytics" name="test_realtime_analytics_endpoint" time="0.103" /><testcase classname="tests.test_location_analytics.TestAnalyticsTrackingIntegration" name="test_track_anonymous_cart_add_from_location" time="0.100" /><testcase classname="tests.test_location_analytics.TestAnalyticsTrackingIntegration" name="test_traffic_sources_endpoint" time="0.097" /><testcase classname="tests.test_location_analytics.TestAnalyticsTrackingIntegration" name="test_utm_analytics_endpoint" time="0.116" /><testcase classname="tests.test_location_analytics.TestAnalyticsTrackingIntegration" name="test_engagement_analytics_endpoint" time="0.098" /><testcase classname="tests.test_new_features.TestAdminOrderStatusUpdate" name="test_get_admin_orders" time="35.902" /><testcase classname="tests.test_new_features.TestAdminOrderStatusUpdate" name="test_update_order_status_preparing" time="19.679" /><testcase classname="tests.test_new_features.TestAdminOrderStatusUpdate" name="test_update_order_status_out_for_delivery" time="0.329" /><testcase classname="tests.test_new_features.TestAdminOrderStatusUpdate" name="test_update_order_status_invalid" time="11.471" /><testcase classname="tests.test_new_features.TestAdminOrderStatusUpdate" name="test_update_order_status_nonexistent_order" time="0.169" /><testcase classname="tests.test_new_features.TestCouponValidation" name="test_coupon_validate_endpoint_exists" time="0.107" /><testcase classname="tests.test_new_features.TestCouponValidation" name="test_coupon_validate_invalid_code" time="0.089" /><testcase classname="tests.test_new_features.TestSettingsEndpoints" name="test_get_all_settings" time="0.109" /><testcase classname="tests.test_new_features.TestSettingsEndpoints" name="test_delivery_fee_calculation" time="0.100" /><testcase classname="tests.test_new_features.TestOrderDetailEndpoint" name="test_get_order_by_id" time="0.215" /><testcase classname="tests.test_new_features.TestOrderDetailEndpoint" name="test_get_order_nonexistent" time="0.111" /><testcase classname="tests.test_new_features.TestUserOrdersEndpoint" name="test_get_user_orders" time="0.112" /><testcase classname="tests.test_orders_flow.TestHealthCheck" name="test_health_endpoint" time="0.096" /><testcase classname="tests.test_orders_flow.TestProductsAPI" name="test_get_products" time="0.101" /><testcase classname="tests.test_orders_flow.TestUserAuthentication" name="test_user_login" time="0.325" /><testcase classname="tests.test_orders_flow.TestUserAuthentication" name="test_user_login_invalid_credentials" time="0.320" /><testcase classname="tests.test_orders_flow.TestUserAddresses" name="test_get_user_addresses" time="0.098" /><testcase classname="tests.test_orders_flow.TestOrderCreation" name="test_create_order_success" time="0.215" /><testcase classname="tests.test_orders_flow.TestOrderCreation" name="test_create_order_invalid_user" time="0.104" /><testcase classname="tests.test_orders_flow.TestOrderCreation" name="test_create_order_invalid_address" time="0.111" /><testcase classname="tests.test_orders_flow.TestUserOrders" name="test_get_user_orders" time="0.113" /><testcase classname="tests.test_orders_flow.TestUserOrders" name="test_get_specific_order" time="0.098" /><testcase classname="tests.test_orders_flow.TestUserOrders" name="test_get_nonexistent_order" time="0.143" /><testcase classname="tests.test_orders_flow.TestAdminOrders" name="test_get_all_orders_admin" time="0.116" /><testcase classname="tests.test_orders_flow.TestAdminOrders" name="test_update_order_status" time="3.295"><failure message="assert 422 == 200&#10; +  where 422 = &lt;Response [422]&gt;.status_code">tests/test_orders_flow.py:265: in test_update_order_status
    assert response.status_code == 200
E   assert 422 == 200
E    +  where 422 = &lt;Response [422]&gt;.status_code</failure></testcase><testcase classname="tests.test_orders_flow.TestAdminOrders" name="test_update_order_invalid_status" time="0.126"><failure message="assert 422 == 400&#10; +  where 422 = &lt;Response [422]&gt;.status_code">tests/test_orders_flow.py:278: in test_update_order_invalid_status
    assert response.status_code == 400
E   assert 422 == 400
E    +  where 422 = &lt;Response [422]&gt;.status_code</failure></testcase><testcase classname="tests.test_orders_flow.TestAdminPayments" name="test_get_all_payments_admin" time="0.159" /><testcase classname="tests.test_orders_flow.TestAdminLogin" name="test_admin_login_success" time="0.096" /><testcase classname="tests.test_orders_flow.TestAdminLogin" name="test_admin_login_invalid" time="0.096" /><testcase classname="tests.test_orders_flow.TestDeliveryFeeCalculation" name="test_calculate_delivery_fee" time="0.099" /><testcase classname="tests.test_password_auth.TestUserSignup" name="test_signup_success" time="0.324" /><testcase classname="tests.test_password_auth.TestUserSignup" name="test_signup_duplicate_phone" time="0.107" /><testcase classname="tests.test_password_auth.TestUserLogin" name="test_login_success" time="0.318" /><testcase classname="tests.test_password_auth.TestUserLogin" name="test_login_wrong_password" time="0.324" /><testcase classname="tests.test_password_auth.TestUserLogin" name="test_login_nonexistent_user" time="0.097" /><testcase classname="tests.test_password_auth.TestChangePassword" name="test_change_password_success" time="1.526" /><testcase classname="tests.test_password_auth.TestChangePassword" name="test_change_password_wrong_current" time="0.636" /><testcase classname="tests.test_password_auth.TestChangePassword" name="test_change_password_short_new" time="0.639" /><testcase classname="tests.test_password_auth.TestAdminResetPassword" name="test_admin_reset_password_success" time="1.295" /><testcase classname="tests.test_password_auth.TestAdminResetPassword" name="test_admin_reset_password_short" time="0.434" /><testcase classname="tests.test_password_auth.TestAdminResetPassword" name="test_admin_reset_nonexistent_user" time="0.104" /><testcase classname="tests.test_password_auth.TestAdminLogin" name="test_admin_login_success" time="0.110"><failure message="AssertionError: Admin login failed: {&quot;detail&quot;:&quot;Invalid admin credentials&quot;}&#10;assert 401 == 200&#10; +  where 401 = &lt;Response [401]&gt;.status_code">tests/test_password_auth.py:268: in test_admin_login_success
    assert response.status_code == 200, f"Admin login failed: {response.text}"
E   AssertionError: Admin login failed: {"detail":"Invalid admin credentials"}
E   assert 401 == 200
E    +  where 401 = &lt;Response [401]&gt;.status_code</failure></testcase><testcase classname="tests.test_password_auth.TestAdminLogin" name="test_admin_login_wrong_credentials" time="0.110" /><testcase classname="tests.test_password_auth.TestCleanup" name="test_cleanup_test_user" time="0.421" /><testcase classname="tests.test_product_catalog.TestProductsAPI" name="test_get_all_products" time="0.113" /><testcase classname="tests.test_product_catalog.TestProductsAPI" name="test_products_have_required_fields" time="0.101" /><testcase classname="tests.test_product_catalog.TestProductsAPI" name="test_products_have_valid_prices" time="0.099" /><testcase classname="tests.test_product_catalog.TestProductsAPI" name="test_products_count_matches_expected" time="0.114" /><testcase classname="tests.test_product_catalog.TestCategoriesAPI" name="test_get_all_categories" time="0.094" /><testcase classname="tests.test_product_catalog.TestCategoriesAPI" name="test_categories_have_required_fields" time="0.116" /><testcase classname="tests.test_product_catalog.TestCategoriesAPI" name="test_expected_categories_exist" time="0.098" /><testcase classname="tests.test_product_catalog.TestProductCategoryAssignment" name="test_products_have_category_names_resolved" time="0.107" /><testcase classname="tests.test_product_catalog.TestProductCategoryAssignment" name="test_category_distribution" time="0.101" /><testcase classname="tests.test_product_catalog.TestProductCategoryAssignment" name="test_vegetables_category_products" time="0.104" /><testcase classname="tests.test_product_catalog.TestProductCategoryAssignment" name="test_fruits_category_products" time="0.128" /><testcase classname="tests.test_product_catalog.TestProductSearch" name="test_products_searchable_by_name" time="0.100" /><testcase classname="tests.test_product_catalog.TestProductSearch" name="test_products_searchable_by_benefit" time="0.104" /><testcase classname="tests.test_product_catalog.TestProductPricing" name="test_products_have_wholesale_prices" time="0.100" /><testcase classname="tests.test_product_catalog.TestProductPricing" name="test_wholesale_price_less_than_retail" time="0.110" /><testcase classname="tests.test_product_catalog.TestProductImages" name="test_products_have_images" time="0.101" /><testcase classname="tests.test_product_catalog.TestProductImages" name="test_product_images_are_valid_urls" time="0.115" /><testcase classname="tests.test_product_catalog.TestProductStockStatus" name="test_products_have_valid_stock_status" time="0.112" /><testcase classname="tests.test_product_catalog.TestProductStockStatus" name="test_stock_status_distribution" time="0.109" /><testcase classname="tests.test_settings_api.TestSettingsAPIs" name="test_get_shop_settings" time="0.109"><failure message="AssertionError: assert 'name' in {'address': 'E-312, ACE City, Noida Extension, 201306', 'delivery_radius_km': 15, 'email': 'hello@khurpistore.in', 'latitude': 28.5672, ...}">tests/test_settings_api.py:27: in test_get_shop_settings
    assert "name" in data
E   AssertionError: assert 'name' in {'address': 'E-312, ACE City, Noida Extension, 201306', 'delivery_radius_km': 15, 'email': 'hello@khurpistore.in', 'latitude': 28.5672, ...}</failure></testcase><testcase classname="tests.test_settings_api.TestSettingsAPIs" name="test_get_delivery_pricing" time="0.112"><failure message="assert 80 == 100">tests/test_settings_api.py:75: in test_get_delivery_pricing
    assert tier_10km["fee"] == 100
E   assert 80 == 100</failure></testcase><testcase classname="tests.test_settings_api.TestSettingsAPIs" name="test_get_subscription_plans" time="0.118"><failure message="assert None is not None">tests/test_settings_api.py:105: in test_get_subscription_plans
    assert weekly_plan is not None
E   assert None is not None</failure></testcase><testcase classname="tests.test_settings_api.TestDeliveryFeeCalculation" name="test_calculate_delivery_fee_same_location" time="0.107" /><testcase classname="tests.test_settings_api.TestDeliveryFeeCalculation" name="test_calculate_delivery_fee_within_1km" time="0.113" /><testcase classname="tests.test_settings_api.TestDeliveryFeeCalculation" name="test_calculate_delivery_fee_within_5km" time="0.117"><failure message="assert 0 == 50">tests/test_settings_api.py:174: in test_calculate_delivery_fee_within_5km
    assert data["fee"] == 50
E   assert 0 == 50</failure></testcase><testcase classname="tests.test_settings_api.TestDeliveryFeeCalculation" name="test_calculate_delivery_fee_within_10km" time="0.095"><failure message="assert 0 == 100">tests/test_settings_api.py:191: in test_calculate_delivery_fee_within_10km
    assert data["fee"] == 100
E   assert 0 == 100</failure></testcase><testcase classname="tests.test_settings_api.TestDeliveryFeeCalculation" name="test_calculate_delivery_fee_beyond_10km" time="0.099"><failure message="assert 0 == 150">tests/test_settings_api.py:207: in test_calculate_delivery_fee_beyond_10km
    assert data["fee"] == 150
E   assert 0 == 150</failure></testcase><testcase classname="tests.test_settings_api.TestAdminSettingsAPIs" name="test_get_all_admin_settings" time="0.108"><failure message="KeyError: 'name'">tests/test_settings_api.py:226: in test_get_all_admin_settings
    assert data["shop_config"]["name"] == "Khurpi Microgreens"
           ^^^^^^^^^^^^^^^^^^^^^^^^^^^
E   KeyError: 'name'</failure></testcase><testcase classname="tests.test_settings_api.TestAdminSettingsAPIs" name="test_update_shop_settings" time="0.194" /><testcase classname="tests.test_settings_api.TestAdminSettingsAPIs" name="test_update_delivery_pricing" time="0.216" /><testcase classname="tests.test_settings_api.TestAdminSettingsAPIs" name="test_update_delivery_pricing_validation" time="0.091" /><testcase classname="tests.test_settings_api.TestAdminSettingsAPIs" name="test_update_subscription_plans" time="0.199" /><testcase classname="tests.test_settings_api.TestAdminSettingsAPIs" name="test_update_subscription_plans_validation" time="0.099" /><testcase classname="tests.test_settings_api.TestAdminLogin" name="test_admin_login_success" time="0.107"><failure message="assert 401 == 200&#10; +  where 401 = &lt;Response [401]&gt;.status_code">tests/test_settings_api.py:298: in test_admin_login_success
    assert response.status_code == 200
E   assert 401 == 200
E    +  where 401 = &lt;Response [401]&gt;.status_code</failure></testcase><testcase classname="tests.test_settings_api.TestAdminLogin" name="test_admin_login_failure" time="0.098" /><testcase classname="tests.test_subscription_checkout.TestBackendHealth" name="test_api_health" time="0.096" /><testcase classname="tests.test_subscription_checkout.TestProductsAPI" name="test_get_products" time="0.104" /><testcase classname="tests.test_subscription_checkout.TestSubscriptionPlans" name="test_get_subscription_plans" time="0.106" /><testcase classname="tests.test_subscription_checkout.TestUserAuthentication" name="test_user_login" time="0.337" /><testcase classname="tests.test_subscription_checkout.TestUserAddresses" name="test_get_user_addresses" time="0.420" /><testcase classname="tests.test_subscription_checkout.TestSubscriptionCreation" name="test_create_subscription_test_mode" time="0.749" /><testcase classname="tests.test_subscription_checkout.TestOrderCreation" name="test_create_order_test_mode" time="0.651" /><testcase classname="tests.test_subscription_checkout.TestSubscriptionEndpoints" name="test_get_user_subscriptions" time="0.446" /><testcase classname="tests.test_subscription_checkout.TestDeliveryFeeCalculation" name="test_calculate_delivery_fee" time="0.092" /><testcase classname="tests.test_subscription_checkout.TestCouponValidation" name="test_coupon_validation_endpoint" time="0.104" /><testcase classname="tests.test_subscription_checkout.TestAdminSubscriptions" name="test_admin_get_all_subscriptions" time="0.179" /><testcase classname="tests.test_subscription_checkout.TestSubscriptionItemsEnrichment" name="test_subscription_items_have_product_details" time="0.581" /><testcase classname="tests.test_subscription_checkout.TestOrdersEndpoints" name="test_get_user_orders" time="36.461" /><testcase classname="tests.test_wholesale.TestWholesaleAccessAPI" name="test_get_wholesale_access_default_false" time="0.446" /><testcase classname="tests.test_wholesale.TestWholesaleAccessAPI" name="test_enable_wholesale_access" time="0.366" /><testcase classname="tests.test_wholesale.TestWholesaleAccessAPI" name="test_verify_wholesale_access_enabled" time="0.408" /><testcase classname="tests.test_wholesale.TestWholesaleAccessAPI" name="test_disable_wholesale_access" time="0.380" /><testcase classname="tests.test_wholesale.TestWholesaleAccessAPI" name="test_verify_wholesale_access_disabled" time="0.407" /><testcase classname="tests.test_wholesale.TestWholesaleAccessAPI" name="test_wholesale_access_nonexistent_user" time="0.109" /><testcase classname="tests.test_wholesale.TestWholesaleAccessAPI" name="test_enable_wholesale_nonexistent_user" time="0.098" /><testcase classname="tests.test_wholesale.TestProductWholesalePrice" name="test_products_have_wholesale_price_field" time="0.122" /><testcase classname="tests.test_wholesale.TestProductWholesalePrice" name="test_find_product_with_wholesale_price" time="0.095" /><testcase classname="tests.test_wholesale.TestProductWholesalePrice" name="test_update_product_wholesale_price" time="0.244" /><testcase classname="tests.test_wholesale.TestAdminUsersEndpoint" name="test_admin_users_list" time="0.106" /><testcase classname="tests.test_wholesale.TestAdminUsersEndpoint" name="test_users_can_have_wholesale_enabled_field" time="0.407" /><testcase classname="tests.test_wholesale.TestWholesaleTogglePersistence" name="test_wholesale_toggle_cycle" time="0.579" /></testsuite></testsuites>