<?xml version="1.0" encoding="utf-8"?><testsuites name="pytest tests"><testsuite name="pytest" errors="0" failures="0" skipped="1" tests="18" time="14.751" timestamp="2026-07-04T10:09:15.027460+00:00" hostname="agent-env-a6def395-d679-4f5e-ba4c-3a916d463268"><testcase classname="backend.tests.test_jwt_auth.TestJWTLogin" name="test_login_returns_jwt_token" time="0.785" /><testcase classname="backend.tests.test_jwt_auth.TestJWTLogin" name="test_login_user_object_structure" time="0.920" /><testcase classname="backend.tests.test_jwt_auth.TestJWTRegister" name="test_register_returns_jwt_token" time="1.276" /><testcase classname="backend.tests.test_jwt_auth.TestJWTRegister" name="test_register_user_object_structure" time="1.098" /><testcase classname="backend.tests.test_jwt_auth.TestJWTOTPVerified" name="test_otp_verified_existing_user_returns_jwt" time="0.199" /><testcase classname="backend.tests.test_jwt_auth.TestJWTOTPVerified" name="test_otp_verified_new_user_without_name" time="0.463" /><testcase classname="backend.tests.test_jwt_auth.TestJWTOTPVerified" name="test_otp_verified_new_user_with_name_returns_jwt" time="0.935" /><testcase classname="backend.tests.test_jwt_auth.TestJWTTokenExpiration" name="test_token_has_valid_expiration" time="0.665" /><testcase classname="backend.tests.test_address_crud.TestAddressCRUD" name="test_01_login_success" time="1.297" /><testcase classname="backend.tests.test_address_crud.TestAddressCRUD" name="test_02_get_addresses_initial" time="0.752" /><testcase classname="backend.tests.test_address_crud.TestAddressCRUD" name="test_03_create_address" time="0.782" /><testcase classname="backend.tests.test_address_crud.TestAddressCRUD" name="test_04_read_address_after_create" time="1.050" /><testcase classname="backend.tests.test_address_crud.TestAddressCRUD" name="test_05_update_address" time="0.930" /><testcase classname="backend.tests.test_address_crud.TestAddressCRUD" name="test_06_set_default_address" time="0.906" /><testcase classname="backend.tests.test_address_crud.TestAddressCRUD" name="test_07_delete_address" time="0.817" /><testcase classname="backend.tests.test_address_crud.TestAddressCRUD" name="test_08_noida_validation" time="0.000"><skipped type="pytest.skip" message="NOIDA validation not implemented in backend">/app/backend/tests/test_address_crud.py:261: NOIDA validation not implemented in backend</skipped></testcase><testcase classname="backend.tests.test_address_crud.TestAddressCRUD" name="test_09_full_crud_flow" time="0.971" /><testcase classname="backend.tests.test_address_crud.TestAddressCleanup" name="test_cleanup_test_addresses" time="0.650" /></testsuite></testsuites>