<?xml version="1.0" encoding="utf-8"?><testsuites name="pytest tests"><testsuite name="pytest" errors="0" failures="0" skipped="0" tests="19" time="2.259" timestamp="2026-06-29T03:07:46.862140+00:00" hostname="agent-env-a6def395-d679-4f5e-ba4c-3a916d463268"><testcase classname="backend.tests.test_product_catalog.TestProductsAPI" name="test_get_all_products" time="0.150" /><testcase classname="backend.tests.test_product_catalog.TestProductsAPI" name="test_products_have_required_fields" time="0.111" /><testcase classname="backend.tests.test_product_catalog.TestProductsAPI" name="test_products_have_valid_prices" time="0.124" /><testcase classname="backend.tests.test_product_catalog.TestProductsAPI" name="test_products_count_matches_expected" time="0.102" /><testcase classname="backend.tests.test_product_catalog.TestCategoriesAPI" name="test_get_all_categories" time="0.107" /><testcase classname="backend.tests.test_product_catalog.TestCategoriesAPI" name="test_categories_have_required_fields" time="0.104" /><testcase classname="backend.tests.test_product_catalog.TestCategoriesAPI" name="test_expected_categories_exist" time="0.109" /><testcase classname="backend.tests.test_product_catalog.TestProductCategoryAssignment" name="test_products_have_category_names_resolved" time="0.125" /><testcase classname="backend.tests.test_product_catalog.TestProductCategoryAssignment" name="test_category_distribution" time="0.122" /><testcase classname="backend.tests.test_product_catalog.TestProductCategoryAssignment" name="test_vegetables_category_products" time="0.132" /><testcase classname="backend.tests.test_product_catalog.TestProductCategoryAssignment" name="test_fruits_category_products" time="0.110" /><testcase classname="backend.tests.test_product_catalog.TestProductSearch" name="test_products_searchable_by_name" time="0.104" /><testcase classname="backend.tests.test_product_catalog.TestProductSearch" name="test_products_searchable_by_benefit" time="0.123" /><testcase classname="backend.tests.test_product_catalog.TestProductPricing" name="test_products_have_wholesale_prices" time="0.108" /><testcase classname="backend.tests.test_product_catalog.TestProductPricing" name="test_wholesale_price_less_than_retail" time="0.115" /><testcase classname="backend.tests.test_product_catalog.TestProductImages" name="test_products_have_images" time="0.106" /><testcase classname="backend.tests.test_product_catalog.TestProductImages" name="test_product_images_are_valid_urls" time="0.109" /><testcase classname="backend.tests.test_product_catalog.TestProductStockStatus" name="test_products_have_valid_stock_status" time="0.125" /><testcase classname="backend.tests.test_product_catalog.TestProductStockStatus" name="test_stock_status_distribution" time="0.112" /></testsuite></testsuites>