<?xml version="1.0" encoding="utf-8"?><testsuites name="pytest tests"><testsuite name="pytest" errors="0" failures="0" skipped="0" tests="9" time="2.936" timestamp="2026-07-08T14:25:24.727444+00:00" hostname="agent-env-f2a6bc52-2031-4ed4-9053-4ce2283abf90"><testcase classname="backend.tests.test_search_contract" name="test_search_apple_returns_apple_products" time="1.210" /><testcase classname="backend.tests.test_search_contract" name="test_search_apple_all_results_are_relevant" time="0.054" /><testcase classname="backend.tests.test_search_contract" name="test_search_cap_returns_capsicum_only" time="0.049" /><testcase classname="backend.tests.test_search_contract" name="test_search_single_char_returns_empty" time="0.047" /><testcase classname="backend.tests.test_search_contract" name="test_search_empty_query_returns_empty" time="0.048" /><testcase classname="backend.tests.test_search_contract" name="test_search_repeated_same_query_deterministic" time="0.151" /><testcase classname="backend.tests.test_search_contract" name="test_search_rapid_different_queries_are_query_scoped" time="1.211" /><testcase classname="backend.tests.test_search_contract" name="test_search_response_excludes_mongo_object_id" time="0.053" /><testcase classname="backend.tests.test_search_contract" name="test_search_response_schema" time="0.051" /></testsuite></testsuites>