<?xml version="1.0" encoding="utf-8"?><testsuites name="pytest tests"><testsuite name="pytest" errors="0" failures="0" skipped="0" tests="16" time="0.849" timestamp="2026-01-24T07:35:07.280562+00:00" hostname="agent-env-8b32dba5-6906-443e-ad8e-41ead4509ed4"><testcase classname="tests.test_settings_api.TestSettingsAPIs" name="test_get_shop_settings" time="0.070" /><testcase classname="tests.test_settings_api.TestSettingsAPIs" name="test_get_delivery_pricing" time="0.038" /><testcase classname="tests.test_settings_api.TestSettingsAPIs" name="test_get_subscription_plans" time="0.039" /><testcase classname="tests.test_settings_api.TestDeliveryFeeCalculation" name="test_calculate_delivery_fee_same_location" time="0.037" /><testcase classname="tests.test_settings_api.TestDeliveryFeeCalculation" name="test_calculate_delivery_fee_within_1km" time="0.077" /><testcase classname="tests.test_settings_api.TestDeliveryFeeCalculation" name="test_calculate_delivery_fee_within_5km" time="0.041" /><testcase classname="tests.test_settings_api.TestDeliveryFeeCalculation" name="test_calculate_delivery_fee_within_10km" time="0.036" /><testcase classname="tests.test_settings_api.TestDeliveryFeeCalculation" name="test_calculate_delivery_fee_beyond_10km" time="0.041" /><testcase classname="tests.test_settings_api.TestAdminSettingsAPIs" name="test_get_all_admin_settings" time="0.039" /><testcase classname="tests.test_settings_api.TestAdminSettingsAPIs" name="test_update_shop_settings" time="0.070" /><testcase classname="tests.test_settings_api.TestAdminSettingsAPIs" name="test_update_delivery_pricing" time="0.067" /><testcase classname="tests.test_settings_api.TestAdminSettingsAPIs" name="test_update_delivery_pricing_validation" time="0.038" /><testcase classname="tests.test_settings_api.TestAdminSettingsAPIs" name="test_update_subscription_plans" time="0.071" /><testcase classname="tests.test_settings_api.TestAdminSettingsAPIs" name="test_update_subscription_plans_validation" time="0.038" /><testcase classname="tests.test_settings_api.TestAdminLogin" name="test_admin_login_success" time="0.034" /><testcase classname="tests.test_settings_api.TestAdminLogin" name="test_admin_login_failure" time="0.036" /></testsuite></testsuites>