<?xml version="1.0" encoding="utf-8"?><testsuites name="pytest tests"><testsuite name="pytest" errors="0" failures="0" skipped="0" tests="13" time="2.663" timestamp="2026-01-29T04:04:32.436639+00:00" hostname="agent-env-2013971d-0fe6-447b-a5e9-6855edc27fc0"><testcase classname="backend.tests.test_subscription_checkout.TestBackendHealth" name="test_api_health" time="0.080" /><testcase classname="backend.tests.test_subscription_checkout.TestProductsAPI" name="test_get_products" time="0.040" /><testcase classname="backend.tests.test_subscription_checkout.TestSubscriptionPlans" name="test_get_subscription_plans" time="0.041" /><testcase classname="backend.tests.test_subscription_checkout.TestUserAuthentication" name="test_user_login" time="0.265" /><testcase classname="backend.tests.test_subscription_checkout.TestUserAddresses" name="test_get_user_addresses" time="0.299" /><testcase classname="backend.tests.test_subscription_checkout.TestSubscriptionCreation" name="test_create_subscription_test_mode" time="0.422" /><testcase classname="backend.tests.test_subscription_checkout.TestOrderCreation" name="test_create_order_test_mode" time="0.371" /><testcase classname="backend.tests.test_subscription_checkout.TestSubscriptionEndpoints" name="test_get_user_subscriptions" time="0.299" /><testcase classname="backend.tests.test_subscription_checkout.TestDeliveryFeeCalculation" name="test_calculate_delivery_fee" time="0.035" /><testcase classname="backend.tests.test_subscription_checkout.TestCouponValidation" name="test_coupon_validation_endpoint" time="0.040" /><testcase classname="backend.tests.test_subscription_checkout.TestAdminSubscriptions" name="test_admin_get_all_subscriptions" time="0.058" /><testcase classname="backend.tests.test_subscription_checkout.TestSubscriptionItemsEnrichment" name="test_subscription_items_have_product_details" time="0.331" /><testcase classname="backend.tests.test_subscription_checkout.TestOrdersEndpoints" name="test_get_user_orders" time="0.323" /></testsuite></testsuites>