<?xml version="1.0" encoding="utf-8"?><testsuites name="pytest tests"><testsuite name="pytest" errors="0" failures="0" skipped="0" tests="13" time="4.382" timestamp="2026-03-11T04:30:08.625823+00:00" hostname="agent-env-a6def395-d679-4f5e-ba4c-3a916d463268"><testcase classname="backend.tests.test_wholesale.TestWholesaleAccessAPI" name="test_get_wholesale_access_default_false" time="0.600" /><testcase classname="backend.tests.test_wholesale.TestWholesaleAccessAPI" name="test_enable_wholesale_access" time="0.404" /><testcase classname="backend.tests.test_wholesale.TestWholesaleAccessAPI" name="test_verify_wholesale_access_enabled" time="0.465" /><testcase classname="backend.tests.test_wholesale.TestWholesaleAccessAPI" name="test_disable_wholesale_access" time="0.374" /><testcase classname="backend.tests.test_wholesale.TestWholesaleAccessAPI" name="test_verify_wholesale_access_disabled" time="0.421" /><testcase classname="backend.tests.test_wholesale.TestWholesaleAccessAPI" name="test_wholesale_access_nonexistent_user" time="0.102" /><testcase classname="backend.tests.test_wholesale.TestWholesaleAccessAPI" name="test_enable_wholesale_nonexistent_user" time="0.107" /><testcase classname="backend.tests.test_wholesale.TestProductWholesalePrice" name="test_products_have_wholesale_price_field" time="0.132" /><testcase classname="backend.tests.test_wholesale.TestProductWholesalePrice" name="test_find_product_with_wholesale_price" time="0.133" /><testcase classname="backend.tests.test_wholesale.TestProductWholesalePrice" name="test_update_product_wholesale_price" time="0.302" /><testcase classname="backend.tests.test_wholesale.TestAdminUsersEndpoint" name="test_admin_users_list" time="0.149" /><testcase classname="backend.tests.test_wholesale.TestAdminUsersEndpoint" name="test_users_can_have_wholesale_enabled_field" time="0.430" /><testcase classname="backend.tests.test_wholesale.TestWholesaleTogglePersistence" name="test_wholesale_toggle_cycle" time="0.692" /></testsuite></testsuites>